<?xml version="1.0" encoding="UTF-8"?>
<!-- Generated by org.testng.reporters.JUnitXMLReporter -->
<testsuite ignored="0" hostname="DESKTOP-N1QDEH3" failures="0" tests="4" name="Default test" time="3.673" errors="0" timestamp="2023-09-20T11:49:38 BDT">
  <testcase classname="tests.LoginTests" name="loginToSauceDemo" time="2.909"/>
  <testcase classname="tests.MarketTests" name="AddToCart" time="0.233"/>
  <testcase classname="tests.CheckoutTest" name="checkout" time="0.359"/>
  <testcase classname="tests.LogoutTests" name="LogoutFromSauceDemo" time="0.147"/>
</testsuite> <!-- Default test -->
