<?xml version="1.0" encoding="UTF-8"?>
<testng-results ignored="0" total="4" passed="4" failed="0" skipped="0">
  <reporter-output>
  </reporter-output>
  <suite started-at="2023-09-20T11:49:34 BDT" name="Default suite" finished-at="2023-09-20T11:49:38 BDT" duration-ms="3673">
    <groups>
    </groups>
    <test started-at="2023-09-20T11:49:34 BDT" name="Default test" finished-at="2023-09-20T11:49:38 BDT" duration-ms="3673">
      <class name="tests.LogoutTests">
        <test-method is-config="true" signature="setDriver()[pri:0, instance:tests.LogoutTests@5b12b668]" started-at="2023-09-20T11:49:32 BDT" name="setDriver" finished-at="2023-09-20T11:49:34 BDT" duration-ms="2041" status="PASS">
          <reporter-output>
          </reporter-output>
        </test-method> <!-- setDriver -->
        <test-method signature="loginToSauceDemo()[pri:1, instance:tests.LogoutTests@5b12b668]" started-at="2023-09-20T11:49:34 BDT" name="loginToSauceDemo" finished-at="2023-09-20T11:49:37 BDT" duration-ms="2909" status="PASS">
          <reporter-output>
          </reporter-output>
        </test-method> <!-- loginToSauceDemo -->
        <test-method signature="AddToCart()[pri:2, instance:tests.LogoutTests@5b12b668]" started-at="2023-09-20T11:49:37 BDT" name="AddToCart" finished-at="2023-09-20T11:49:37 BDT" duration-ms="233" status="PASS">
          <reporter-output>
          </reporter-output>
        </test-method> <!-- AddToCart -->
        <test-method signature="checkout()[pri:3, instance:tests.LogoutTests@5b12b668]" started-at="2023-09-20T11:49:37 BDT" name="checkout" finished-at="2023-09-20T11:49:37 BDT" duration-ms="359" status="PASS">
          <reporter-output>
          </reporter-output>
        </test-method> <!-- checkout -->
        <test-method signature="LogoutFromSauceDemo()[pri:4, instance:tests.LogoutTests@5b12b668]" started-at="2023-09-20T11:49:37 BDT" name="LogoutFromSauceDemo" finished-at="2023-09-20T11:49:38 BDT" duration-ms="147" status="PASS">
          <reporter-output>
          </reporter-output>
        </test-method> <!-- LogoutFromSauceDemo -->
        <test-method is-config="true" signature="closeBrowser()[pri:0, instance:tests.LogoutTests@5b12b668]" started-at="2023-09-20T11:49:38 BDT" name="closeBrowser" finished-at="2023-09-20T11:49:38 BDT" duration-ms="74" status="PASS">
          <reporter-output>
          </reporter-output>
        </test-method> <!-- closeBrowser -->
      </class> <!-- tests.LogoutTests -->
    </test> <!-- Default test -->
  </suite> <!-- Default suite -->
</testng-results>
